{"D:\\Unicato\\Semestres\\2-2021\\Ingenieria de software\\Tarea2\\Nuevo_Tarea-master\\src\\App.js": {"path":"D:\\Unicato\\Semestres\\2-2021\\Ingenieria de software\\Tarea2\\Nuevo_Tarea-master\\src\\App.js","statementMap":{"0":{"start":{"line":2,"column":2},"end":{"line":2,"column":15}},"1":{"start":{"line":6,"column":14},"end":{"line":6,"column":40}},"2":{"start":{"line":7,"column":17},"end":{"line":7,"column":51}},"3":{"start":{"line":8,"column":2},"end":{"line":8,"column":26}},"4":{"start":{"line":12,"column":18},"end":{"line":12,"column":19}},"5":{"start":{"line":13,"column":2},"end":{"line":15,"column":3}},"6":{"start":{"line":14,"column":4},"end":{"line":14,"column":28}},"7":{"start":{"line":16,"column":2},"end":{"line":18,"column":3}},"8":{"start":{"line":17,"column":4},"end":{"line":17,"column":28}},"9":{"start":{"line":19,"column":2},"end":{"line":21,"column":3}},"10":{"start":{"line":20,"column":4},"end":{"line":20,"column":28}},"11":{"start":{"line":22,"column":2},"end":{"line":24,"column":3}},"12":{"start":{"line":23,"column":4},"end":{"line":23,"column":27}},"13":{"start":{"line":25,"column":2},"end":{"line":27,"column":3}},"14":{"start":{"line":26,"column":4},"end":{"line":26,"column":28}},"15":{"start":{"line":29,"column":14},"end":{"line":29,"column":32}},"16":{"start":{"line":30,"column":2},"end":{"line":30,"column":15}},"17":{"start":{"line":34,"column":17},"end":{"line":34,"column":18}},"18":{"start":{"line":35,"column":2},"end":{"line":37,"column":3}},"19":{"start":{"line":36,"column":4},"end":{"line":36,"column":29}},"20":{"start":{"line":38,"column":2},"end":{"line":40,"column":3}},"21":{"start":{"line":39,"column":4},"end":{"line":39,"column":27}},"22":{"start":{"line":41,"column":2},"end":{"line":43,"column":3}},"23":{"start":{"line":42,"column":4},"end":{"line":42,"column":29}},"24":{"start":{"line":44,"column":2},"end":{"line":46,"column":3}},"25":{"start":{"line":45,"column":4},"end":{"line":45,"column":27}},"26":{"start":{"line":47,"column":2},"end":{"line":49,"column":3}},"27":{"start":{"line":48,"column":4},"end":{"line":48,"column":29}},"28":{"start":{"line":51,"column":2},"end":{"line":51,"column":18}}},"fnMap":{"0":{"name":"sumar","decl":{"start":{"line":1,"column":9},"end":{"line":1,"column":14}},"loc":{"start":{"line":1,"column":21},"end":{"line":3,"column":1}},"line":1},"1":{"name":"totalizador","decl":{"start":{"line":5,"column":9},"end":{"line":5,"column":20}},"loc":{"start":{"line":5,"column":46},"end":{"line":9,"column":1}},"line":5},"2":{"name":"descuento","decl":{"start":{"line":11,"column":9},"end":{"line":11,"column":18}},"loc":{"start":{"line":11,"column":26},"end":{"line":31,"column":1}},"line":11},"3":{"name":"impuestos","decl":{"start":{"line":33,"column":9},"end":{"line":33,"column":18}},"loc":{"start":{"line":33,"column":34},"end":{"line":52,"column":1}},"line":33}},"branchMap":{"0":{"loc":{"start":{"line":13,"column":2},"end":{"line":15,"column":3}},"type":"if","locations":[{"start":{"line":13,"column":2},"end":{"line":15,"column":3}},{"start":{"line":13,"column":2},"end":{"line":15,"column":3}}],"line":13},"1":{"loc":{"start":{"line":16,"column":2},"end":{"line":18,"column":3}},"type":"if","locations":[{"start":{"line":16,"column":2},"end":{"line":18,"column":3}},{"start":{"line":16,"column":2},"end":{"line":18,"column":3}}],"line":16},"2":{"loc":{"start":{"line":19,"column":2},"end":{"line":21,"column":3}},"type":"if","locations":[{"start":{"line":19,"column":2},"end":{"line":21,"column":3}},{"start":{"line":19,"column":2},"end":{"line":21,"column":3}}],"line":19},"3":{"loc":{"start":{"line":22,"column":2},"end":{"line":24,"column":3}},"type":"if","locations":[{"start":{"line":22,"column":2},"end":{"line":24,"column":3}},{"start":{"line":22,"column":2},"end":{"line":24,"column":3}}],"line":22},"4":{"loc":{"start":{"line":25,"column":2},"end":{"line":27,"column":3}},"type":"if","locations":[{"start":{"line":25,"column":2},"end":{"line":27,"column":3}},{"start":{"line":25,"column":2},"end":{"line":27,"column":3}}],"line":25},"5":{"loc":{"start":{"line":35,"column":2},"end":{"line":37,"column":3}},"type":"if","locations":[{"start":{"line":35,"column":2},"end":{"line":37,"column":3}},{"start":{"line":35,"column":2},"end":{"line":37,"column":3}}],"line":35},"6":{"loc":{"start":{"line":38,"column":2},"end":{"line":40,"column":3}},"type":"if","locations":[{"start":{"line":38,"column":2},"end":{"line":40,"column":3}},{"start":{"line":38,"column":2},"end":{"line":40,"column":3}}],"line":38},"7":{"loc":{"start":{"line":41,"column":2},"end":{"line":43,"column":3}},"type":"if","locations":[{"start":{"line":41,"column":2},"end":{"line":43,"column":3}},{"start":{"line":41,"column":2},"end":{"line":43,"column":3}}],"line":41},"8":{"loc":{"start":{"line":44,"column":2},"end":{"line":46,"column":3}},"type":"if","locations":[{"start":{"line":44,"column":2},"end":{"line":46,"column":3}},{"start":{"line":44,"column":2},"end":{"line":46,"column":3}}],"line":44},"9":{"loc":{"start":{"line":47,"column":2},"end":{"line":49,"column":3}},"type":"if","locations":[{"start":{"line":47,"column":2},"end":{"line":49,"column":3}},{"start":{"line":47,"column":2},"end":{"line":49,"column":3}}],"line":47}},"s":{"0":1,"1":4,"2":4,"3":4,"4":4,"5":4,"6":2,"7":4,"8":0,"9":4,"10":0,"11":4,"12":0,"13":4,"14":0,"15":4,"16":4,"17":4,"18":4,"19":1,"20":4,"21":0,"22":4,"23":0,"24":4,"25":0,"26":4,"27":0,"28":4},"f":{"0":1,"1":4,"2":4,"3":4},"b":{"0":[2,2],"1":[0,4],"2":[0,4],"3":[0,4],"4":[0,4],"5":[1,3],"6":[0,4],"7":[0,4],"8":[0,4],"9":[0,4]},"_coverageSchema":"1a1c01bbd47fc00a2c39e90264f33305004495a9","hash":"20534c5aad4b25a8a39572fa8b5df138f263b624"}
}
