TN:
SF:src\App.js
FN:1,sumar
FN:5,totalizador
FN:11,descuento
FN:33,impuestos
FNF:4
FNH:4
FNDA:1,sumar
FNDA:4,totalizador
FNDA:4,descuento
FNDA:4,impuestos
DA:2,1
DA:6,4
DA:7,4
DA:8,4
DA:12,4
DA:13,4
DA:14,2
DA:16,4
DA:17,0
DA:19,4
DA:20,0
DA:22,4
DA:23,0
DA:25,4
DA:26,0
DA:29,4
DA:30,4
DA:34,4
DA:35,4
DA:36,1
DA:38,4
DA:39,0
DA:41,4
DA:42,0
DA:44,4
DA:45,0
DA:47,4
DA:48,0
DA:51,4
LF:29
LH:21
BRDA:13,0,0,2
BRDA:13,0,1,2
BRDA:16,1,0,0
BRDA:16,1,1,4
BRDA:19,2,0,0
BRDA:19,2,1,4
BRDA:22,3,0,0
BRDA:22,3,1,4
BRDA:25,4,0,0
BRDA:25,4,1,4
BRDA:35,5,0,1
BRDA:35,5,1,3
BRDA:38,6,0,0
BRDA:38,6,1,4
BRDA:41,7,0,0
BRDA:41,7,1,4
BRDA:44,8,0,0
BRDA:44,8,1,4
BRDA:47,9,0,0
BRDA:47,9,1,4
BRF:20
BRH:12
end_of_record
